[2016-08-25 16:19:32] stage.ERROR: exception 'ErrorException' with message 'Trying to get property of non-object' in /var/www/vhosts/gracecompany/stage.grace/app/Http/Controllers/PaypalController.php:43
Stack trace:
#0 /var/www/vhosts/gracecompany/stage.grace/app/Http/Controllers/PaypalController.php(43): Illuminate\Foundation\Bootstrap\HandleExceptions->handleError(8, 'Trying to get p...', '/var/www/vhosts...', 43, Array)
#1 [internal function]: App\Http\Controllers\PaypalController->__construct()
#2 /var/www/vhosts/gracecompany/stage.grace/bootstrap/cache/compiled.php(1306): ReflectionClass->newInstanceArgs(Array)
#3 /var/www/vhosts/gracecompany/stage.grace/bootstrap/cache/compiled.php(1242): Illuminate\Container\Container->build('App\\Http\\Contro...', Array)
#4 /var/www/vhosts/gracecompany/stage.grace/bootstrap/cache/compiled.php(1783): Illuminate\Container\Container->make('App\\Http\\Contro...', Array)
#5 /var/www/vhosts/gracecompany/stage.grace/vendor/laravel/framework/src/Illuminate/Foundation/Console/RouteListCommand.php(170): Illuminate\Foundation\Application->make('App\\Http\\Contro...')
#6 /var/www/vhosts/gracecompany/stage.grace/vendor/laravel/framework/src/Illuminate/Foundation/Console/RouteListCommand.php(151): Illuminate\Foundation\Console\RouteListCommand->getControllerMiddleware('App\\Http\\Contro...')
#7 /var/www/vhosts/gracecompany/stage.grace/vendor/laravel/framework/src/Illuminate/Foundation/Console/RouteListCommand.php(119): Illuminate\Foundation\Console\RouteListCommand->getMiddleware(Object(Illuminate\Routing\Route))
#8 /var/www/vhosts/gracecompany/stage.grace/vendor/laravel/framework/src/Illuminate/Foundation/Console/RouteListCommand.php(89): Illuminate\Foundation\Console\RouteListCommand->getRouteInformation(Object(Illuminate\Routing\Route))
#9 /var/www/vhosts/gracecompany/stage.grace/vendor/laravel/framework/src/Illuminate/Foundation/Console/RouteListCommand.php(76): Illuminate\Foundation\Console\RouteListCommand->getRoutes()
#10 [internal function]: Illuminate\Foundation\Console\RouteListCommand->fire()
#11 /var/www/vhosts/gracecompany/stage.grace/bootstrap/cache/compiled.php(1187): call_user_func_array(Array, Array)
#12 /var/www/vhosts/gracecompany/stage.grace/vendor/laravel/framework/src/Illuminate/Console/Command.php(150): Illuminate\Container\Container->call(Array)
#13 /var/www/vhosts/gracecompany/stage.grace/vendor/symfony/console/Command/Command.php(256): Illuminate\Console\Command->execute(Object(Symfony\Component\Console\Input\ArgvInput), Object(Symfony\Component\Console\Output\ConsoleOutput))
#14 /var/www/vhosts/gracecompany/stage.grace/vendor/laravel/framework/src/Illuminate/Console/Command.php(136): Symfony\Component\Console\Command\Command->run(Object(Symfony\Component\Console\Input\ArgvInput), Object(Symfony\Component\Console\Output\ConsoleOutput))
#15 /var/www/vhosts/gracecompany/stage.grace/vendor/symfony/console/Application.php(844): Illuminate\Console\Command->run(Object(Symfony\Component\Console\Input\ArgvInput), Object(Symfony\Component\Console\Output\ConsoleOutput))
#16 /var/www/vhosts/gracecompany/stage.grace/vendor/symfony/console/Application.php(189): Symfony\Component\Console\Application->doRunCommand(Object(Illuminate\Foundation\Console\RouteListCommand), Object(Symfony\Component\Console\Input\ArgvInput), Object(Symfony\Component\Console\Output\ConsoleOutput))
#17 /var/www/vhosts/gracecompany/stage.grace/vendor/symfony/console/Application.php(120): Symfony\Component\Console\Application->doRun(Object(Symfony\Component\Console\Input\ArgvInput), Object(Symfony\Component\Console\Output\ConsoleOutput))
#18 /var/www/vhosts/gracecompany/stage.grace/vendor/laravel/framework/src/Illuminate/Foundation/Console/Kernel.php(107): Symfony\Component\Console\Application->run(Object(Symfony\Component\Console\Input\ArgvInput), Object(Symfony\Component\Console\Output\ConsoleOutput))
#19 /var/www/vhosts/gracecompany/stage.grace/artisan(36): Illuminate\Foundation\Console\Kernel->handle(Object(Symfony\Component\Console\Input\ArgvInput), Object(Symfony\Component\Console\Output\ConsoleOutput))
#20 {main}  
[2016-08-25 16:19:38] stage.ERROR: exception 'ErrorException' with message 'Trying to get property of non-object' in /var/www/vhosts/gracecompany/stage.grace/app/Http/Controllers/PaypalController.php:43
Stack trace:
#0 /var/www/vhosts/gracecompany/stage.grace/app/Http/Controllers/PaypalController.php(43): Illuminate\Foundation\Bootstrap\HandleExceptions->handleError(8, 'Trying to get p...', '/var/www/vhosts...', 43, Array)
#1 [internal function]: App\Http\Controllers\PaypalController->__construct()
#2 /var/www/vhosts/gracecompany/stage.grace/bootstrap/cache/compiled.php(1306): ReflectionClass->newInstanceArgs(Array)
#3 /var/www/vhosts/gracecompany/stage.grace/bootstrap/cache/compiled.php(1242): Illuminate\Container\Container->build('App\\Http\\Contro...', Array)
#4 /var/www/vhosts/gracecompany/stage.grace/bootstrap/cache/compiled.php(1783): Illuminate\Container\Container->make('App\\Http\\Contro...', Array)
#5 /var/www/vhosts/gracecompany/stage.grace/vendor/laravel/framework/src/Illuminate/Foundation/Console/RouteListCommand.php(170): Illuminate\Foundation\Application->make('App\\Http\\Contro...')
#6 /var/www/vhosts/gracecompany/stage.grace/vendor/laravel/framework/src/Illuminate/Foundation/Console/RouteListCommand.php(151): Illuminate\Foundation\Console\RouteListCommand->getControllerMiddleware('App\\Http\\Contro...')
#7 /var/www/vhosts/gracecompany/stage.grace/vendor/laravel/framework/src/Illuminate/Foundation/Console/RouteListCommand.php(119): Illuminate\Foundation\Console\RouteListCommand->getMiddleware(Object(Illuminate\Routing\Route))
#8 /var/www/vhosts/gracecompany/stage.grace/vendor/laravel/framework/src/Illuminate/Foundation/Console/RouteListCommand.php(89): Illuminate\Foundation\Console\RouteListCommand->getRouteInformation(Object(Illuminate\Routing\Route))
#9 /var/www/vhosts/gracecompany/stage.grace/vendor/laravel/framework/src/Illuminate/Foundation/Console/RouteListCommand.php(76): Illuminate\Foundation\Console\RouteListCommand->getRoutes()
#10 [internal function]: Illuminate\Foundation\Console\RouteListCommand->fire()
#11 /var/www/vhosts/gracecompany/stage.grace/bootstrap/cache/compiled.php(1187): call_user_func_array(Array, Array)
#12 /var/www/vhosts/gracecompany/stage.grace/vendor/laravel/framework/src/Illuminate/Console/Command.php(150): Illuminate\Container\Container->call(Array)
#13 /var/www/vhosts/gracecompany/stage.grace/vendor/symfony/console/Command/Command.php(256): Illuminate\Console\Command->execute(Object(Symfony\Component\Console\Input\ArgvInput), Object(Symfony\Component\Console\Output\ConsoleOutput))
#14 /var/www/vhosts/gracecompany/stage.grace/vendor/laravel/framework/src/Illuminate/Console/Command.php(136): Symfony\Component\Console\Command\Command->run(Object(Symfony\Component\Console\Input\ArgvInput), Object(Symfony\Component\Console\Output\ConsoleOutput))
#15 /var/www/vhosts/gracecompany/stage.grace/vendor/symfony/console/Application.php(844): Illuminate\Console\Command->run(Object(Symfony\Component\Console\Input\ArgvInput), Object(Symfony\Component\Console\Output\ConsoleOutput))
#16 /var/www/vhosts/gracecompany/stage.grace/vendor/symfony/console/Application.php(189): Symfony\Component\Console\Application->doRunCommand(Object(Illuminate\Foundation\Console\RouteListCommand), Object(Symfony\Component\Console\Input\ArgvInput), Object(Symfony\Component\Console\Output\ConsoleOutput))
#17 /var/www/vhosts/gracecompany/stage.grace/vendor/symfony/console/Application.php(120): Symfony\Component\Console\Application->doRun(Object(Symfony\Component\Console\Input\ArgvInput), Object(Symfony\Component\Console\Output\ConsoleOutput))
#18 /var/www/vhosts/gracecompany/stage.grace/vendor/laravel/framework/src/Illuminate/Foundation/Console/Kernel.php(107): Symfony\Component\Console\Application->run(Object(Symfony\Component\Console\Input\ArgvInput), Object(Symfony\Component\Console\Output\ConsoleOutput))
#19 /var/www/vhosts/gracecompany/stage.grace/artisan(36): Illuminate\Foundation\Console\Kernel->handle(Object(Symfony\Component\Console\Input\ArgvInput), Object(Symfony\Component\Console\Output\ConsoleOutput))
#20 {main}  
[2016-08-25 16:19:55] stage.ERROR: exception 'ErrorException' with message 'Trying to get property of non-object' in /var/www/vhosts/gracecompany/stage.grace/app/Http/Controllers/PaypalController.php:43
Stack trace:
#0 /var/www/vhosts/gracecompany/stage.grace/app/Http/Controllers/PaypalController.php(43): Illuminate\Foundation\Bootstrap\HandleExceptions->handleError(8, 'Trying to get p...', '/var/www/vhosts...', 43, Array)
#1 [internal function]: App\Http\Controllers\PaypalController->__construct()
#2 /var/www/vhosts/gracecompany/stage.grace/bootstrap/cache/compiled.php(1306): ReflectionClass->newInstanceArgs(Array)
#3 /var/www/vhosts/gracecompany/stage.grace/bootstrap/cache/compiled.php(1242): Illuminate\Container\Container->build('App\\Http\\Contro...', Array)
#4 /var/www/vhosts/gracecompany/stage.grace/bootstrap/cache/compiled.php(1783): Illuminate\Container\Container->make('App\\Http\\Contro...', Array)
#5 /var/www/vhosts/gracecompany/stage.grace/vendor/laravel/framework/src/Illuminate/Foundation/Console/RouteListCommand.php(170): Illuminate\Foundation\Application->make('App\\Http\\Contro...')
#6 /var/www/vhosts/gracecompany/stage.grace/vendor/laravel/framework/src/Illuminate/Foundation/Console/RouteListCommand.php(151): Illuminate\Foundation\Console\RouteListCommand->getControllerMiddleware('App\\Http\\Contro...')
#7 /var/www/vhosts/gracecompany/stage.grace/vendor/laravel/framework/src/Illuminate/Foundation/Console/RouteListCommand.php(119): Illuminate\Foundation\Console\RouteListCommand->getMiddleware(Object(Illuminate\Routing\Route))
#8 /var/www/vhosts/gracecompany/stage.grace/vendor/laravel/framework/src/Illuminate/Foundation/Console/RouteListCommand.php(89): Illuminate\Foundation\Console\RouteListCommand->getRouteInformation(Object(Illuminate\Routing\Route))
#9 /var/www/vhosts/gracecompany/stage.grace/vendor/laravel/framework/src/Illuminate/Foundation/Console/RouteListCommand.php(76): Illuminate\Foundation\Console\RouteListCommand->getRoutes()
#10 [internal function]: Illuminate\Foundation\Console\RouteListCommand->fire()
#11 /var/www/vhosts/gracecompany/stage.grace/bootstrap/cache/compiled.php(1187): call_user_func_array(Array, Array)
#12 /var/www/vhosts/gracecompany/stage.grace/vendor/laravel/framework/src/Illuminate/Console/Command.php(150): Illuminate\Container\Container->call(Array)
#13 /var/www/vhosts/gracecompany/stage.grace/vendor/symfony/console/Command/Command.php(256): Illuminate\Console\Command->execute(Object(Symfony\Component\Console\Input\ArgvInput), Object(Symfony\Component\Console\Output\ConsoleOutput))
#14 /var/www/vhosts/gracecompany/stage.grace/vendor/laravel/framework/src/Illuminate/Console/Command.php(136): Symfony\Component\Console\Command\Command->run(Object(Symfony\Component\Console\Input\ArgvInput), Object(Symfony\Component\Console\Output\ConsoleOutput))
#15 /var/www/vhosts/gracecompany/stage.grace/vendor/symfony/console/Application.php(844): Illuminate\Console\Command->run(Object(Symfony\Component\Console\Input\ArgvInput), Object(Symfony\Component\Console\Output\ConsoleOutput))
#16 /var/www/vhosts/gracecompany/stage.grace/vendor/symfony/console/Application.php(189): Symfony\Component\Console\Application->doRunCommand(Object(Illuminate\Foundation\Console\RouteListCommand), Object(Symfony\Component\Console\Input\ArgvInput), Object(Symfony\Component\Console\Output\ConsoleOutput))
#17 /var/www/vhosts/gracecompany/stage.grace/vendor/symfony/console/Application.php(120): Symfony\Component\Console\Application->doRun(Object(Symfony\Component\Console\Input\ArgvInput), Object(Symfony\Component\Console\Output\ConsoleOutput))
#18 /var/www/vhosts/gracecompany/stage.grace/vendor/laravel/framework/src/Illuminate/Foundation/Console/Kernel.php(107): Symfony\Component\Console\Application->run(Object(Symfony\Component\Console\Input\ArgvInput), Object(Symfony\Component\Console\Output\ConsoleOutput))
#19 /var/www/vhosts/gracecompany/stage.grace/artisan(36): Illuminate\Foundation\Console\Kernel->handle(Object(Symfony\Component\Console\Input\ArgvInput), Object(Symfony\Component\Console\Output\ConsoleOutput))
#20 {main}  
[2016-08-25 16:20:10] stage.ERROR: exception 'ErrorException' with message 'Trying to get property of non-object' in /var/www/vhosts/gracecompany/stage.grace/app/Http/Controllers/PaypalController.php:43
Stack trace:
#0 /var/www/vhosts/gracecompany/stage.grace/app/Http/Controllers/PaypalController.php(43): Illuminate\Foundation\Bootstrap\HandleExceptions->handleError(8, 'Trying to get p...', '/var/www/vhosts...', 43, Array)
#1 [internal function]: App\Http\Controllers\PaypalController->__construct()
#2 /var/www/vhosts/gracecompany/stage.grace/bootstrap/cache/compiled.php(1306): ReflectionClass->newInstanceArgs(Array)
#3 /var/www/vhosts/gracecompany/stage.grace/bootstrap/cache/compiled.php(1242): Illuminate\Container\Container->build('App\\Http\\Contro...', Array)
#4 /var/www/vhosts/gracecompany/stage.grace/bootstrap/cache/compiled.php(1783): Illuminate\Container\Container->make('App\\Http\\Contro...', Array)
#5 /var/www/vhosts/gracecompany/stage.grace/vendor/laravel/framework/src/Illuminate/Foundation/Console/RouteListCommand.php(170): Illuminate\Foundation\Application->make('App\\Http\\Contro...')
#6 /var/www/vhosts/gracecompany/stage.grace/vendor/laravel/framework/src/Illuminate/Foundation/Console/RouteListCommand.php(151): Illuminate\Foundation\Console\RouteListCommand->getControllerMiddleware('App\\Http\\Contro...')
#7 /var/www/vhosts/gracecompany/stage.grace/vendor/laravel/framework/src/Illuminate/Foundation/Console/RouteListCommand.php(119): Illuminate\Foundation\Console\RouteListCommand->getMiddleware(Object(Illuminate\Routing\Route))
#8 /var/www/vhosts/gracecompany/stage.grace/vendor/laravel/framework/src/Illuminate/Foundation/Console/RouteListCommand.php(89): Illuminate\Foundation\Console\RouteListCommand->getRouteInformation(Object(Illuminate\Routing\Route))
#9 /var/www/vhosts/gracecompany/stage.grace/vendor/laravel/framework/src/Illuminate/Foundation/Console/RouteListCommand.php(76): Illuminate\Foundation\Console\RouteListCommand->getRoutes()
#10 [internal function]: Illuminate\Foundation\Console\RouteListCommand->fire()
#11 /var/www/vhosts/gracecompany/stage.grace/bootstrap/cache/compiled.php(1187): call_user_func_array(Array, Array)
#12 /var/www/vhosts/gracecompany/stage.grace/vendor/laravel/framework/src/Illuminate/Console/Command.php(150): Illuminate\Container\Container->call(Array)
#13 /var/www/vhosts/gracecompany/stage.grace/vendor/symfony/console/Command/Command.php(256): Illuminate\Console\Command->execute(Object(Symfony\Component\Console\Input\ArgvInput), Object(Symfony\Component\Console\Output\ConsoleOutput))
#14 /var/www/vhosts/gracecompany/stage.grace/vendor/laravel/framework/src/Illuminate/Console/Command.php(136): Symfony\Component\Console\Command\Command->run(Object(Symfony\Component\Console\Input\ArgvInput), Object(Symfony\Component\Console\Output\ConsoleOutput))
#15 /var/www/vhosts/gracecompany/stage.grace/vendor/symfony/console/Application.php(844): Illuminate\Console\Command->run(Object(Symfony\Component\Console\Input\ArgvInput), Object(Symfony\Component\Console\Output\ConsoleOutput))
#16 /var/www/vhosts/gracecompany/stage.grace/vendor/symfony/console/Application.php(189): Symfony\Component\Console\Application->doRunCommand(Object(Illuminate\Foundation\Console\RouteListCommand), Object(Symfony\Component\Console\Input\ArgvInput), Object(Symfony\Component\Console\Output\ConsoleOutput))
#17 /var/www/vhosts/gracecompany/stage.grace/vendor/symfony/console/Application.php(120): Symfony\Component\Console\Application->doRun(Object(Symfony\Component\Console\Input\ArgvInput), Object(Symfony\Component\Console\Output\ConsoleOutput))
#18 /var/www/vhosts/gracecompany/stage.grace/vendor/laravel/framework/src/Illuminate/Foundation/Console/Kernel.php(107): Symfony\Component\Console\Application->run(Object(Symfony\Component\Console\Input\ArgvInput), Object(Symfony\Component\Console\Output\ConsoleOutput))
#19 /var/www/vhosts/gracecompany/stage.grace/artisan(36): Illuminate\Foundation\Console\Kernel->handle(Object(Symfony\Component\Console\Input\ArgvInput), Object(Symfony\Component\Console\Output\ConsoleOutput))
#20 {main}  
